2025-06-14 20:06:22,551 INFO:main.py:240:print_splash_screen:PDB2PQR v3.6.2: biomolecular structure conversion software.
2025-06-14 20:06:22,551 INFO:main.py:242:print_splash_screen:Please cite:  Jurrus E, et al.  Improvements to the APBS biomolecular solvation software suite.  Protein Sci 27 112-128 (2018).
2025-06-14 20:06:22,551 INFO:main.py:242:print_splash_screen:Please cite:  Dolinsky TJ, et al.  PDB2PQR: expanding and upgrading automated preparation of biomolecular structures for molecular simulations. Nucleic Acids Res 35 W522-W525 (2007).
2025-06-14 20:06:22,552 INFO:main.py:768:main_driver:Checking and transforming input arguments.
2025-06-14 20:06:22,552 INFO:main.py:772:main_driver:Loading topology files.
2025-06-14 20:06:22,645 INFO:main.py:774:main_driver:Loading molecule: 3OY1.pdb
2025-06-14 20:06:22,665 INFO:main.py:779:main_driver:Setting up molecule.
2025-06-14 20:06:22,718 WARNING:biomolecule.py:992:create_residue:Unable to find amino or nucleic acid definition for 589.  Parsing as new residue.
2025-06-14 20:06:22,721 INFO:main.py:417:setup_molecule:Created biomolecule object with 535 residues and 2918 atoms.
2025-06-14 20:06:22,721 INFO:main.py:783:main_driver:Setting termini states for biomolecule chains.
2025-06-14 20:06:22,730 WARNING:biomolecule.py:615:update_bonds:Gap in backbone detected between SER A 72 and GLY A 76!
2025-06-14 20:06:22,731 WARNING:biomolecule.py:615:update_bonds:Gap in backbone detected between LEU A 210 and VAL A 225!
2025-06-14 20:06:22,733 WARNING:biomolecule.py:615:update_bonds:Gap in backbone detected between PRO A 372 and GLU A 382!
2025-06-14 20:06:22,733 INFO:main.py:613:non_trivial:Loading forcefield.
2025-06-14 20:06:22,757 INFO:main.py:617:non_trivial:Loading hydrogen topology definitions.
2025-06-14 20:06:22,760 WARNING:biomolecule.py:157:num_missing_heavy:Missing atom N in residue ASN A 46
2025-06-14 20:06:22,764 WARNING:biomolecule.py:157:num_missing_heavy:Missing atom OXT in residue ASN A 400
2025-06-14 20:06:22,765 WARNING:biomolecule.py:157:num_missing_heavy:Missing atom N in residue ASN A 46
2025-06-14 20:06:22,773 WARNING:biomolecule.py:157:num_missing_heavy:Missing atom OXT in residue ASN A 400
2025-06-14 20:06:22,774 INFO:main.py:627:non_trivial:Attempting to repair 2 missing atoms in biomolecule.
2025-06-14 20:06:22,774 WARNING:biomolecule.py:157:num_missing_heavy:Missing atom N in residue ASN A 46
2025-06-14 20:06:22,777 WARNING:biomolecule.py:157:num_missing_heavy:Missing atom OXT in residue ASN A 400
2025-06-14 20:06:22,777 INFO:biomolecule.py:1077:repair_heavy:Added atom N to residue ASN A 46 at coordinates -21.124, 10.780, -60.691
2025-06-14 20:06:22,779 INFO:biomolecule.py:1077:repair_heavy:Added atom OXT to residue ASN A 400 at coordinates -4.658, 21.037, -48.594
2025-06-14 20:06:22,780 INFO:main.py:632:non_trivial:Updating disulfide bridges.
2025-06-14 20:06:22,781 INFO:main.py:635:non_trivial:Debumping biomolecule.
2025-06-14 20:06:22,914 INFO:main.py:658:non_trivial:Adding hydrogens to biomolecule.
2025-06-14 20:06:23,435 INFO:main.py:661:non_trivial:Debumping biomolecule (again).
2025-06-14 20:06:23,966 INFO:main.py:663:non_trivial:Optimizing hydrogen bonds
2025-06-14 20:06:24,308 WARNING:debump.py:354:get_closest_atom:Skipped atom during water optimization: LP1 in HOH A 557 skipped when optimizing H2 in HOH A 405
2025-06-14 20:06:24,309 WARNING:debump.py:354:get_closest_atom:Skipped atom during water optimization: LP1 in HOH A 557 skipped when optimizing H2 in HOH A 405
2025-06-14 20:06:24,310 WARNING:debump.py:354:get_closest_atom:Skipped atom during water optimization: LP1 in HOH A 557 skipped when optimizing H2 in HOH A 405
2025-06-14 20:06:24,311 WARNING:debump.py:354:get_closest_atom:Skipped atom during water optimization: LP1 in HOH A 557 skipped when optimizing H2 in HOH A 405
2025-06-14 20:06:24,324 WARNING:debump.py:354:get_closest_atom:Skipped atom during water optimization: LP1 in HOH A 557 skipped when optimizing H2 in HOH A 405
2025-06-14 20:06:24,325 WARNING:debump.py:354:get_closest_atom:Skipped atom during water optimization: H1 in HOH A 405 skipped when optimizing H1 in HOH A 557
2025-06-14 20:06:24,326 WARNING:debump.py:354:get_closest_atom:Skipped atom during water optimization: H1 in HOH A 405 skipped when optimizing H1 in HOH A 557
2025-06-14 20:06:24,327 WARNING:debump.py:354:get_closest_atom:Skipped atom during water optimization: H1 in HOH A 405 skipped when optimizing H1 in HOH A 557
2025-06-14 20:06:24,328 WARNING:debump.py:354:get_closest_atom:Skipped atom during water optimization: H1 in HOH A 405 skipped when optimizing H1 in HOH A 557
2025-06-14 20:06:24,329 WARNING:io.py:40:filter:Suppressing further "Skipped atom during water optimization" messages
2025-06-14 20:06:28,620 INFO:main.py:675:non_trivial:Applying force field to biomolecule states.
2025-06-14 20:06:28,630 INFO:main.py:722:non_trivial:Regenerating headers.
2025-06-14 20:06:28,633 INFO:main.py:747:non_trivial:Regenerating PDB lines.
2025-06-14 20:06:28,682 WARNING:main.py:320:print_pqr:Ignoring 1869 header lines in output.
2025-06-14 20:06:28,682 WARNING:main.py:324:print_pqr:Ignoring 35 missing lines in output.
